2026-06-06 21:57:18,337 - INFO - ================================================================================
2026-06-06 21:57:18,337 - INFO - Starting Comprehensive Document Library Audit
2026-06-06 21:57:18,337 - INFO - ================================================================================
2026-06-06 21:57:18,337 - INFO - Phase 1: Discovering file roots...
2026-06-06 21:57:18,338 - INFO - Total file roots discovered: 0
2026-06-06 21:57:18,338 - INFO - Phase 2: Walking filesystem to discover files...
2026-06-06 21:57:18,338 - INFO - Total files discovered: 0
2026-06-06 21:57:18,338 - INFO - Phase 3: Analyzing file type distribution...
2026-06-06 21:57:18,338 - INFO - File types found: 0
2026-06-06 21:57:18,338 - INFO - Phase 4: Detecting duplicate files...
2026-06-06 21:57:18,338 - INFO - Found 0 exact duplicates
2026-06-06 21:57:18,338 - INFO - Phase 5: Generating audit reports...
2026-06-06 21:57:18,338 - INFO - Generated CSV inventory: /Users/debashishdeb/Downloads/reports/document_library_audit/document_inventory.csv
2026-06-06 21:57:18,339 - INFO - Generated JSON inventory: /Users/debashishdeb/Downloads/reports/document_library_audit/document_inventory.json
2026-06-06 21:57:18,339 - INFO - Generated category tree: /Users/debashishdeb/Downloads/reports/document_library_audit/category_tree.json
2026-06-06 21:57:18,340 - INFO - Generated category summary: /Users/debashishdeb/Downloads/reports/document_library_audit/category_summary.csv
2026-06-06 21:57:18,340 - INFO - Generated file type summary: /Users/debashishdeb/Downloads/reports/document_library_audit/file_type_summary.md
2026-06-06 21:57:18,340 - INFO - Generated duplicate report: /Users/debashishdeb/Downloads/reports/document_library_audit/duplicate_candidates.md
2026-06-06 21:57:18,340 - INFO - Generated audit summary: /Users/debashishdeb/Downloads/reports/document_library_audit/audit_summary.md
2026-06-06 21:57:18,340 - INFO - All reports generated in /Users/debashishdeb/Downloads/reports/document_library_audit
2026-06-06 21:57:18,340 - INFO - ================================================================================
2026-06-06 21:57:18,340 - INFO - Audit completed in 0:00:00.002969
2026-06-06 21:57:18,340 - INFO - Reports saved to: /Users/debashishdeb/Downloads/reports/document_library_audit
2026-06-06 21:57:18,340 - INFO - ================================================================================
